<?xml version="1.0" encoding="UTF-8"?>
<!-- Generated by org.testng.reporters.JUnitReportReporter -->
<testsuite hostname="TYSS-Sumanth-Chinivar" failures="0" tests="1" name="learningMavenWithDependency.TestCaseWithDependency" time="0.006" errors="0" timestamp="2024-01-25T18:27:10 IST" skipped="0">
  <testcase classname="learningMavenWithDependency.TestCaseWithDependency" name="demo" time="0.006">
    <system-out>
      <![CDATA[Maven With dependency]]>
    </system-out>
  </testcase> <!-- demo -->
  <system-out>
    <![CDATA[Maven With dependency]]>
  </system-out>
</testsuite> <!-- learningMavenWithDependency.TestCaseWithDependency -->
