<?xml version="1.0" encoding="UTF-8"?>
<!-- Generated by org.testng.reporters.JUnitReportReporter -->
<testsuite hostname="TYSS-Sumanth-Chinivar" failures="0" tests="1" name="extentReport.LearningExtentReport" time="6.704" errors="0" timestamp="2024-02-06T18:20:00 IST" skipped="0">
  <testcase classname="extentReport.LearningExtentReport" name="login" time="6.704"/>
  <system-out/>
</testsuite> <!-- extentReport.LearningExtentReport -->
