<?xml version="1.0" encoding="UTF-8"?>
<!-- Generated by org.testng.reporters.JUnitReportReporter -->
<testsuite hostname="TYSS-Sumanth-Chinivar" failures="0" tests="1" name="runningFromCommandPrompt.TC_Reg_DWS_001_Test" time="0.008" errors="0" timestamp="2024-02-02T12:18:13 IST" skipped="0">
  <testcase classname="runningFromCommandPrompt.TC_Reg_DWS_001_Test" name="demo" time="0.008"/>
  <system-out>
Hello  </system-out>
</testsuite> <!-- runningFromCommandPrompt.TC_Reg_DWS_001_Test -->
