<?xml version="1.0" encoding="UTF-8"?>
<!-- Generated by org.testng.reporters.JUnitReportReporter -->
<testsuite hostname="TYSS-Sumanth-Chinivar" failures="0" tests="1" name="learningMavenWIthoutDependency.TestCaseWithoutDependency" time="0.006" errors="0" timestamp="2024-02-01T16:37:06 IST" skipped="0">
  <testcase classname="learningMavenWIthoutDependency.TestCaseWithoutDependency" name="demo" time="0.006"/>
  <system-out>
Maven Without dependency  </system-out>
</testsuite> <!-- learningMavenWIthoutDependency.TestCaseWithoutDependency -->
