<?xml version="1.0" encoding="UTF-8"?>
<!-- Generated by org.testng.reporters.JUnitReportReporter -->
<testsuite hostname="TYSS-Sumanth-Chinivar" failures="0" tests="1" name="extentReport.LearningExtentReport" time="4.465" errors="0" timestamp="2024-02-05T13:39:12 IST" skipped="0">
  <testcase classname="extentReport.LearningExtentReport" name="login" time="4.465"/>
  <system-out/>
</testsuite> <!-- extentReport.LearningExtentReport -->
