<?xml version="1.0" encoding="UTF-8"?>
<!-- Generated by org.testng.reporters.JUnitReportReporter -->
<testsuite hostname="TYSS-Sumanth-Chinivar" failures="0" tests="1" name="shoppingCartButton.TC_DWS_Functional_001Test" time="2.669" errors="0" timestamp="2024-02-02T12:18:47 IST" skipped="0">
  <testcase classname="shoppingCartButton.TC_DWS_Functional_001Test" name="click_On_Register_Link" time="2.669"/>
  <system-out/>
</testsuite> <!-- shoppingCartButton.TC_DWS_Functional_001Test -->
